Построение начато 10.06.2016 16:22:50.
     1>Проект "C:\Users\darya\Documents\_Repos\Reposit\courses\prog_base_3\project\findTheFish\findTheFish.vcxproj" в узле 2 (целевые объекты Build).
     1>ClCompile:
         C:\Program Files (x86)\Microsoft Visual Studio 11.0\VC\bin\CL.exe /c /I"C:\SFML\SFML-2.2\include" /ZI /nologo /W3 /WX- /sdl /Od /Oy- /D SFML_DYNAMIC /D WIN32 /D _DEBUG /D _CONSOLE /D _UNICODE /D UNICODE /Gm /EHsc /RTC1 /MDd /GS /fp:precise /Zc:wchar_t /Zc:forScope /Fo"Debug\\" /Fd"Debug\vc110.pdb" /Gd /TP /analyze- /errorReport:prompt functions.cpp
         functions.cpp
     1>c:\users\darya\documents\_repos\reposit\courses\prog_base_3\project\findthefish\functions.cpp(15): warning C4244: аргумент: преобразование "int" в "float", возможна потеря данных
     1>c:\users\darya\documents\_repos\reposit\courses\prog_base_3\project\findthefish\functions.cpp(109): warning C4244: инициализация: преобразование "sf::Int64" в "float", возможна потеря данных
     1>c:\users\darya\documents\_repos\reposit\courses\prog_base_3\project\findthefish\functions.cpp(141): warning C4244: аргумент: преобразование "int" в "float", возможна потеря данных
       Link:
         C:\Program Files (x86)\Microsoft Visual Studio 11.0\VC\bin\link.exe /ERRORREPORT:PROMPT /OUT:"C:\Users\darya\Documents\_Repos\Reposit\courses\prog_base_3\project\findTheFish\Debug\findTheFish.exe" /INCREMENTAL /NOLOGO /LIBPATH:"C:\SFML\SFML-2.2\lib" kernel32.lib user32.lib gdi32.lib winspool.lib comdlg32.lib advapi32.lib shell32.lib ole32.lib oleaut32.lib uuid.lib odbc32.lib odbccp32.lib kernel32.lib user32.lib gdi32.lib winspool.lib comdlg32.lib advapi32.lib shell32.lib ole32.lib oleaut32.lib uuid.lib odbc32.lib odbccp32.lib "sfml-graphics-d.lib" "sfml-window-d.lib" "sfml-system-d.lib" "sfml-audio-d.lib" /MANIFEST /MANIFESTUAC:"level='asInvoker' uiAccess='false'" /manifest:embed /DEBUG /PDB:"C:\Users\darya\Documents\_Repos\Reposit\courses\prog_base_3\project\findTheFish\Debug\findTheFish.pdb" /SUBSYSTEM:CONSOLE /TLBID:1 /DYNAMICBASE /NXCOMPAT /IMPLIB:"C:\Users\darya\Documents\_Repos\Reposit\courses\prog_base_3\project\findTheFish\Debug\findTheFish.lib" /MACHINE:X86 Debug\Books.obj
         Debug\findTheFish.obj
         Debug\functions.obj
         Debug\Furniture.obj
         Debug\Level.obj
         Debug\menu.obj
         Debug\MiniGameBooks.obj
         Debug\miniGameLab.obj
         Debug\Mouse.obj
         Debug\Object.obj
         Debug\Player.obj
         Debug\stdafx.obj
         staticLib.lib
         findTheFish.vcxproj -> C:\Users\darya\Documents\_Repos\Reposit\courses\prog_base_3\project\findTheFish\Debug\findTheFish.exe
     1>Построение проекта "C:\Users\darya\Documents\_Repos\Reposit\courses\prog_base_3\project\findTheFish\findTheFish.vcxproj" завершено (целевые объекты Build).

Построение успешно завершено.

Затраченное время: 00:00:05.61
