C:\VC_PROG\1\FINDTHEFISH\FINDTHEFISH\DEBUG\FINDTHEFISH.PCH
C:\VC_PROG\1\FINDTHEFISH\FINDTHEFISH\DEBUG\STDAFX.OBJ
C:\VC_PROG\1\FINDTHEFISH\FINDTHEFISH\DEBUG\VC110.PDB
C:\VC_PROG\1\FINDTHEFISH\FINDTHEFISH\DEBUG\FINDTHEFISH.OBJ
C:\VC_PROG\1\FINDTHEFISH\FINDTHEFISH\DEBUG\MENU.OBJ
C:\VC_PROG\1\FINDTHEFISH\FINDTHEFISH\DEBUG\PLAYER.OBJ
C:\VC_PROG\1\FINDTHEFISH\FINDTHEFISH\DEBUG\FURNITURE.OBJ
C:\VC_PROG\1\FINDTHEFISH\FINDTHEFISH\DEBUG\TINYXMLPARSER.OBJ
C:\VC_PROG\1\FINDTHEFISH\FINDTHEFISH\DEBUG\TINYSTR.OBJ
C:\VC_PROG\1\FINDTHEFISH\FINDTHEFISH\DEBUG\TINYXML.OBJ
C:\VC_PROG\1\FINDTHEFISH\FINDTHEFISH\DEBUG\TINYXMLERROR.OBJ
C:\VC_PROG\1\FINDTHEFISH\FINDTHEFISH\DEBUG\LEVEL.OBJ
C:\VC_PROG\1\FINDTHEFISH\FINDTHEFISH\DEBUG\OBJECT.OBJ
C:\VC_PROG\1\FINDTHEFISH\FINDTHEFISH\DEBUG\BOOKS.OBJ
C:\VC_PROG\1\FINDTHEFISH\FINDTHEFISH\DEBUG\MINIGAMEBOOKS.OBJ
C:\VC_PROG\1\FINDTHEFISH\FINDTHEFISH\DEBUG\FUNCTIONS.OBJ
C:\VC_PROG\1\FINDTHEFISH\DEBUG\FINDTHEFISH.ILK
C:\VC_PROG\1\FINDTHEFISH\DEBUG\FINDTHEFISH.EXE
C:\VC_PROG\1\FINDTHEFISH\DEBUG\FINDTHEFISH.PDB
C:\VC_PROG\1\findTheFish\findTheFish\Debug\Books.obj
C:\VC_PROG\1\findTheFish\findTheFish\Debug\findTheFish.obj
C:\VC_PROG\1\findTheFish\findTheFish\Debug\functions.obj
C:\VC_PROG\1\findTheFish\findTheFish\Debug\Furniture.obj
C:\VC_PROG\1\findTheFish\findTheFish\Debug\Level.obj
C:\VC_PROG\1\findTheFish\findTheFish\Debug\menu.obj
C:\VC_PROG\1\findTheFish\findTheFish\Debug\MiniGameBooks.obj
C:\VC_PROG\1\findTheFish\findTheFish\Debug\Object.obj
C:\VC_PROG\1\findTheFish\findTheFish\Debug\Player.obj
C:\VC_PROG\1\findTheFish\findTheFish\Debug\stdafx.obj
C:\VC_PROG\1\findTheFish\findTheFish\Debug\tinystr.obj
C:\VC_PROG\1\findTheFish\findTheFish\Debug\tinyxml.obj
C:\VC_PROG\1\findTheFish\findTheFish\Debug\tinyxmlerror.obj
C:\VC_PROG\1\findTheFish\findTheFish\Debug\tinyxmlparser.obj
C:\VC_PROG\1\findTheFish\findTheFish\Debug\cl.command.1.tlog
C:\VC_PROG\1\findTheFish\findTheFish\Debug\CL.read.1.tlog
C:\VC_PROG\1\findTheFish\findTheFish\Debug\CL.write.1.tlog
C:\VC_PROG\1\findTheFish\findTheFish\Debug\link-cvtres.read.1.tlog
C:\VC_PROG\1\findTheFish\findTheFish\Debug\link-cvtres.write.1.tlog
C:\VC_PROG\1\findTheFish\findTheFish\Debug\link-rc.read.1.tlog
C:\VC_PROG\1\findTheFish\findTheFish\Debug\link-rc.write.1.tlog
C:\VC_PROG\1\findTheFish\findTheFish\Debug\link.1084-cvtres.read.1.tlog
C:\VC_PROG\1\findTheFish\findTheFish\Debug\link.1084-cvtres.write.1.tlog
C:\VC_PROG\1\findTheFish\findTheFish\Debug\link.1084-rc.read.1.tlog
C:\VC_PROG\1\findTheFish\findTheFish\Debug\link.1084-rc.write.1.tlog
C:\VC_PROG\1\findTheFish\findTheFish\Debug\link.1084.read.1.tlog
C:\VC_PROG\1\findTheFish\findTheFish\Debug\link.1084.write.1.tlog
C:\VC_PROG\1\findTheFish\findTheFish\Debug\link.1772-cvtres.read.1.tlog
C:\VC_PROG\1\findTheFish\findTheFish\Debug\link.1772-cvtres.write.1.tlog
C:\VC_PROG\1\findTheFish\findTheFish\Debug\link.1772-rc.read.1.tlog
C:\VC_PROG\1\findTheFish\findTheFish\Debug\link.1772-rc.write.1.tlog
C:\VC_PROG\1\findTheFish\findTheFish\Debug\link.1772.read.1.tlog
C:\VC_PROG\1\findTheFish\findTheFish\Debug\link.1772.write.1.tlog
C:\VC_PROG\1\findTheFish\findTheFish\Debug\link.1828-cvtres.read.1.tlog
C:\VC_PROG\1\findTheFish\findTheFish\Debug\link.1828-cvtres.write.1.tlog
C:\VC_PROG\1\findTheFish\findTheFish\Debug\link.1828-rc.read.1.tlog
C:\VC_PROG\1\findTheFish\findTheFish\Debug\link.1828-rc.write.1.tlog
C:\VC_PROG\1\findTheFish\findTheFish\Debug\link.1828.read.1.tlog
C:\VC_PROG\1\findTheFish\findTheFish\Debug\link.1828.write.1.tlog
C:\VC_PROG\1\findTheFish\findTheFish\Debug\link.2524-cvtres.read.1.tlog
C:\VC_PROG\1\findTheFish\findTheFish\Debug\link.2524-cvtres.write.1.tlog
C:\VC_PROG\1\findTheFish\findTheFish\Debug\link.2524-rc.read.1.tlog
C:\VC_PROG\1\findTheFish\findTheFish\Debug\link.2524-rc.write.1.tlog
C:\VC_PROG\1\findTheFish\findTheFish\Debug\link.2524.read.1.tlog
C:\VC_PROG\1\findTheFish\findTheFish\Debug\link.2524.write.1.tlog
C:\VC_PROG\1\findTheFish\findTheFish\Debug\link.4548-cvtres.read.1.tlog
C:\VC_PROG\1\findTheFish\findTheFish\Debug\link.4548-cvtres.write.1.tlog
C:\VC_PROG\1\findTheFish\findTheFish\Debug\link.4548-rc.read.1.tlog
C:\VC_PROG\1\findTheFish\findTheFish\Debug\link.4548-rc.write.1.tlog
C:\VC_PROG\1\findTheFish\findTheFish\Debug\link.4548.read.1.tlog
C:\VC_PROG\1\findTheFish\findTheFish\Debug\link.4548.write.1.tlog
C:\VC_PROG\1\findTheFish\findTheFish\Debug\link.5080-cvtres.read.1.tlog
C:\VC_PROG\1\findTheFish\findTheFish\Debug\link.5080-cvtres.write.1.tlog
C:\VC_PROG\1\findTheFish\findTheFish\Debug\link.5080-rc.read.1.tlog
C:\VC_PROG\1\findTheFish\findTheFish\Debug\link.5080-rc.write.1.tlog
C:\VC_PROG\1\findTheFish\findTheFish\Debug\link.5080.read.1.tlog
C:\VC_PROG\1\findTheFish\findTheFish\Debug\link.5080.write.1.tlog
C:\VC_PROG\1\findTheFish\findTheFish\Debug\link.6676-cvtres.read.1.tlog
C:\VC_PROG\1\findTheFish\findTheFish\Debug\link.6676-cvtres.write.1.tlog
C:\VC_PROG\1\findTheFish\findTheFish\Debug\link.6676-rc.read.1.tlog
C:\VC_PROG\1\findTheFish\findTheFish\Debug\link.6676-rc.write.1.tlog
C:\VC_PROG\1\findTheFish\findTheFish\Debug\link.6676.read.1.tlog
C:\VC_PROG\1\findTheFish\findTheFish\Debug\link.6676.write.1.tlog
C:\VC_PROG\1\findTheFish\findTheFish\Debug\link.6972-cvtres.read.1.tlog
C:\VC_PROG\1\findTheFish\findTheFish\Debug\link.6972-cvtres.write.1.tlog
C:\VC_PROG\1\findTheFish\findTheFish\Debug\link.6972-rc.read.1.tlog
C:\VC_PROG\1\findTheFish\findTheFish\Debug\link.6972-rc.write.1.tlog
C:\VC_PROG\1\findTheFish\findTheFish\Debug\link.6972.read.1.tlog
C:\VC_PROG\1\findTheFish\findTheFish\Debug\link.6972.write.1.tlog
C:\VC_PROG\1\findTheFish\findTheFish\Debug\link.7200-cvtres.read.1.tlog
C:\VC_PROG\1\findTheFish\findTheFish\Debug\link.7200-cvtres.write.1.tlog
C:\VC_PROG\1\findTheFish\findTheFish\Debug\link.7200-rc.read.1.tlog
C:\VC_PROG\1\findTheFish\findTheFish\Debug\link.7200-rc.write.1.tlog
C:\VC_PROG\1\findTheFish\findTheFish\Debug\link.7200.read.1.tlog
C:\VC_PROG\1\findTheFish\findTheFish\Debug\link.7200.write.1.tlog
C:\VC_PROG\1\findTheFish\findTheFish\Debug\link.8112-cvtres.read.1.tlog
C:\VC_PROG\1\findTheFish\findTheFish\Debug\link.8112-cvtres.write.1.tlog
C:\VC_PROG\1\findTheFish\findTheFish\Debug\link.8112-rc.read.1.tlog
C:\VC_PROG\1\findTheFish\findTheFish\Debug\link.8112-rc.write.1.tlog
C:\VC_PROG\1\findTheFish\findTheFish\Debug\link.8112.read.1.tlog
C:\VC_PROG\1\findTheFish\findTheFish\Debug\link.8112.write.1.tlog
C:\VC_PROG\1\findTheFish\findTheFish\Debug\link.8268-cvtres.read.1.tlog
C:\VC_PROG\1\findTheFish\findTheFish\Debug\link.8268-cvtres.write.1.tlog
C:\VC_PROG\1\findTheFish\findTheFish\Debug\link.8268-rc.read.1.tlog
C:\VC_PROG\1\findTheFish\findTheFish\Debug\link.8268-rc.write.1.tlog
C:\VC_PROG\1\findTheFish\findTheFish\Debug\link.8268.read.1.tlog
C:\VC_PROG\1\findTheFish\findTheFish\Debug\link.8268.write.1.tlog
C:\VC_PROG\1\findTheFish\findTheFish\Debug\link.8296-cvtres.read.1.tlog
C:\VC_PROG\1\findTheFish\findTheFish\Debug\link.8296-cvtres.write.1.tlog
C:\VC_PROG\1\findTheFish\findTheFish\Debug\link.8296-rc.read.1.tlog
C:\VC_PROG\1\findTheFish\findTheFish\Debug\link.8296-rc.write.1.tlog
C:\VC_PROG\1\findTheFish\findTheFish\Debug\link.8296.read.1.tlog
C:\VC_PROG\1\findTheFish\findTheFish\Debug\link.8296.write.1.tlog
C:\VC_PROG\1\findTheFish\findTheFish\Debug\link.9168-cvtres.read.1.tlog
C:\VC_PROG\1\findTheFish\findTheFish\Debug\link.9168-cvtres.write.1.tlog
C:\VC_PROG\1\findTheFish\findTheFish\Debug\link.9168-rc.read.1.tlog
C:\VC_PROG\1\findTheFish\findTheFish\Debug\link.9168-rc.write.1.tlog
C:\VC_PROG\1\findTheFish\findTheFish\Debug\link.9168.read.1.tlog
C:\VC_PROG\1\findTheFish\findTheFish\Debug\link.9168.write.1.tlog
C:\VC_PROG\1\findTheFish\findTheFish\Debug\link.924-cvtres.read.1.tlog
C:\VC_PROG\1\findTheFish\findTheFish\Debug\link.924-cvtres.write.1.tlog
C:\VC_PROG\1\findTheFish\findTheFish\Debug\link.924-rc.read.1.tlog
C:\VC_PROG\1\findTheFish\findTheFish\Debug\link.924-rc.write.1.tlog
C:\VC_PROG\1\findTheFish\findTheFish\Debug\link.924.read.1.tlog
C:\VC_PROG\1\findTheFish\findTheFish\Debug\link.924.write.1.tlog
C:\VC_PROG\1\findTheFish\findTheFish\Debug\link.command.1.tlog
C:\VC_PROG\1\findTheFish\findTheFish\Debug\link.read.1.tlog
C:\VC_PROG\1\findTheFish\findTheFish\Debug\link.write.1.tlog
C:\VC_PROG\1\findTheFish\findTheFish\Debug\findTheFish.pch
C:\VC_PROG\1\findTheFish\findTheFish\Debug\vc110.idb
C:\VC_PROG\1\findTheFish\findTheFish\Debug\vc110.pdb
C:\VC_PROG\1\findTheFish\Debug\findTheFish.pdb
C:\VC_PROG\1\findTheFish\Debug\findTheFish.exe
C:\VC_PROG\1\findTheFish\Debug\findTheFish.ilk
